<suite name="">
    <test name="Regression" group-by-instances="true">
        <packages>
            <package name="com.company.app" />
        </packages>
    </test>
</suite>
