<suite name="FulfillmentTest P0 Tests">
  <test name="Regression">
    <packages>
      <package name="com.company.app.math" />
      <package name="com.company.app.tax" />
    </packages>

    <groups>
      <run>
        <include name="P0"/>
      </run>
    </groups>
  </test>
</suite>
