<suite name="test-all">
    <test name="Regression" group-by-instances="true">
        <packages>
            <package name="com.godaddy.ecomm.test.*"/>
        </packages>
    </test>
</suite>
