<suite name="test-all" time-out="500" verbose="1">
    <test name="Regression" group-by-instances="true">
        <packages>
            <package name="com.company.app.test" />
        </packages>
    </test>
</suite>
