<suite name="">
    <test name="Regression">
        <classes>
            <class name="com.company.app.MathTest"/>
            <!--<class name="com.company.app.test.BeforeMethodTest"/>-->
        </classes>
    </test>
</suite>
